<?xml version="1.0" encoding="UTF-8"?>
<testsuite name="com.zidol.fc.FcApplicationTests" tests="1" skipped="0" failures="0" errors="0" timestamp="2022-06-08T05:26:51" hostname="DESKTOP-N78O8DT" time="0.215">
  <properties/>
  <testcase name="contextLoads()" classname="com.zidol.fc.FcApplicationTests" time="0.215"/>
  <system-out><![CDATA[14:26:45.151 [Test worker] DEBUG org.springframework.test.context.BootstrapUtils - Instantiating CacheAwareContextLoaderDelegate from class [org.springframework.test.context.cache.DefaultCacheAwareContextLoaderDelegate]
14:26:45.164 [Test worker] DEBUG org.springframework.test.context.BootstrapUtils - Instantiating BootstrapContext using constructor [public org.springframework.test.context.support.DefaultBootstrapContext(java.lang.Class,org.springframework.test.context.CacheAwareContextLoaderDelegate)]
14:26:45.206 [Test worker] DEBUG org.springframework.test.context.BootstrapUtils - Instantiating TestContextBootstrapper for test class [com.zidol.fc.FcApplicationTests] from class [org.springframework.boot.test.context.SpringBootTestContextBootstrapper]
14:26:45.219 [Test worker] INFO org.springframework.boot.test.context.SpringBootTestContextBootstrapper - Neither @ContextConfiguration nor @ContextHierarchy found for test class [com.zidol.fc.FcApplicationTests], using SpringBootContextLoader
14:26:45.224 [Test worker] DEBUG org.springframework.test.context.support.AbstractContextLoader - Did not detect default resource location for test class [com.zidol.fc.FcApplicationTests]: class path resource [com/zidol/fc/FcApplicationTests-context.xml] does not exist
14:26:45.224 [Test worker] DEBUG org.springframework.test.context.support.AbstractContextLoader - Did not detect default resource location for test class [com.zidol.fc.FcApplicationTests]: class path resource [com/zidol/fc/FcApplicationTestsContext.groovy] does not exist
14:26:45.224 [Test worker] INFO org.springframework.test.context.support.AbstractContextLoader - Could not detect default resource locations for test class [com.zidol.fc.FcApplicationTests]: no resource found for suffixes {-context.xml, Context.groovy}.
14:26:45.225 [Test worker] INFO org.springframework.test.context.support.AnnotationConfigContextLoaderUtils - Could not detect default configuration classes for test class [com.zidol.fc.FcApplicationTests]: FcApplicationTests does not declare any static, non-private, non-final, nested classes annotated with @Configuration.
14:26:45.270 [Test worker] DEBUG org.springframework.test.context.support.ActiveProfilesUtils - Could not find an 'annotation declaring class' for annotation type [org.springframework.test.context.ActiveProfiles] and class [com.zidol.fc.FcApplicationTests]
14:26:45.334 [Test worker] DEBUG org.springframework.context.annotation.ClassPathScanningCandidateComponentProvider - Identified candidate component class: file [C:\Users\User\Desktop\ZIDOL\backend\build\classes\java\main\com\zidol\fc\FcApplication.class]
14:26:45.335 [Test worker] INFO org.springframework.boot.test.context.SpringBootTestContextBootstrapper - Found @SpringBootConfiguration com.zidol.fc.FcApplication for test class com.zidol.fc.FcApplicationTests
14:26:45.444 [Test worker] DEBUG org.springframework.boot.test.context.SpringBootTestContextBootstrapper - @TestExecutionListeners is not present for class [com.zidol.fc.FcApplicationTests]: using defaults.
14:26:45.445 [Test worker] INFO org.springframework.boot.test.context.SpringBootTestContextBootstrapper - Loaded default TestExecutionListener class names from location [META-INF/spring.factories]: [org.springframework.boot.test.autoconfigure.restdocs.RestDocsTestExecutionListener, org.springframework.boot.test.autoconfigure.web.client.MockRestServiceServerResetTestExecutionListener, org.springframework.boot.test.autoconfigure.web.servlet.MockMvcPrintOnlyOnFailureTestExecutionListener, org.springframework.boot.test.autoconfigure.web.servlet.WebDriverTestExecutionListener, org.springframework.boot.test.autoconfigure.webservices.client.MockWebServiceServerTestExecutionListener, org.springframework.boot.test.mock.mockito.MockitoTestExecutionListener, org.springframework.boot.test.mock.mockito.ResetMocksTestExecutionListener, org.springframework.test.context.web.ServletTestExecutionListener, org.springframework.test.context.support.DirtiesContextBeforeModesTestExecutionListener, org.springframework.test.context.event.ApplicationEventsTestExecutionListener, org.springframework.test.context.support.DependencyInjectionTestExecutionListener, org.springframework.test.context.support.DirtiesContextTestExecutionListener, org.springframework.test.context.transaction.TransactionalTestExecutionListener, org.springframework.test.context.jdbc.SqlScriptsTestExecutionListener, org.springframework.test.context.event.EventPublishingTestExecutionListener]
14:26:45.464 [Test worker] INFO org.springframework.boot.test.context.SpringBootTestContextBootstrapper - Using TestExecutionListeners: [org.springframework.test.context.web.ServletTestExecutionListener@3efe7086, org.springframework.test.context.support.DirtiesContextBeforeModesTestExecutionListener@675d8c96, org.springframework.test.context.event.ApplicationEventsTestExecutionListener@741b3bc3, org.springframework.boot.test.mock.mockito.MockitoTestExecutionListener@2ed3b1f5, org.springframework.boot.test.autoconfigure.SpringBootDependencyInjectionTestExecutionListener@63648ee9, org.springframework.test.context.support.DirtiesContextTestExecutionListener@68d6972f, org.springframework.test.context.transaction.TransactionalTestExecutionListener@45be7cd5, org.springframework.test.context.jdbc.SqlScriptsTestExecutionListener@7651218e, org.springframework.test.context.event.EventPublishingTestExecutionListener@3185fa6b, org.springframework.boot.test.autoconfigure.restdocs.RestDocsTestExecutionListener@6d366c9b, org.springframework.boot.test.autoconfigure.web.client.MockRestServiceServerResetTestExecutionListener@5b58ed3c, org.springframework.boot.test.autoconfigure.web.servlet.MockMvcPrintOnlyOnFailureTestExecutionListener@24faea88, org.springframework.boot.test.autoconfigure.web.servlet.WebDriverTestExecutionListener@3a320ade, org.springframework.boot.test.autoconfigure.webservices.client.MockWebServiceServerTestExecutionListener@64beebb7, org.springframework.boot.test.mock.mockito.ResetMocksTestExecutionListener@7813cb11]
14:26:45.468 [Test worker] DEBUG org.springframework.test.context.support.AbstractDirtiesContextTestExecutionListener - Before test class: context [DefaultTestContext@1d1f7216 testClass = FcApplicationTests, testInstance = [null], testMethod = [null], testException = [null], mergedContextConfiguration = [WebMergedContextConfiguration@423e4cbb testClass = FcApplicationTests, locations = '{}', classes = '{class com.zidol.fc.FcApplication}', contextInitializerClasses = '[]', activeProfiles = '{}', propertySourceLocations = '{}', propertySourceProperties = '{org.springframework.boot.test.context.SpringBootTestContextBootstrapper=true}', contextCustomizers = set[org.springframework.boot.test.autoconfigure.actuate.metrics.MetricsExportContextCustomizerFactory$DisableMetricExportContextCustomizer@7f132176, org.springframework.boot.test.autoconfigure.properties.PropertyMappingContextCustomizer@0, org.springframework.boot.test.autoconfigure.web.servlet.WebDriverContextCustomizerFactory$Customizer@24111ef1, org.springframework.boot.test.context.filter.ExcludeFilterContextCustomizer@16ce702d, org.springframework.boot.test.json.DuplicateJsonObjectContextCustomizerFactory$DuplicateJsonObjectContextCustomizer@3a5ecce3, org.springframework.boot.test.mock.mockito.MockitoContextCustomizer@0, org.springframework.boot.test.web.client.TestRestTemplateContextCustomizer@289710d9, org.springframework.boot.test.context.SpringBootTestArgs@1, org.springframework.boot.test.context.SpringBootTestWebEnvironment@6babf3bf], resourceBasePath = 'src/main/webapp', contextLoader = 'org.springframework.boot.test.context.SpringBootContextLoader', parent = [null]], attributes = map['org.springframework.test.context.web.ServletTestExecutionListener.activateListener' -> true]], class annotated with @DirtiesContext [false] with mode [null].

  .   ____          _            __ _ _
 /\\ / ___'_ __ _ _(_)_ __  __ _ \ \ \ \
( ( )\___ | '_ | '_| | '_ \/ _` | \ \ \ \
 \\/  ___)| |_)| | | | | || (_| |  ) ) ) )
  '  |____| .__|_| |_|_| |_\__, | / / / /
 =========|_|==============|___/=/_/_/_/
 :: Spring Boot ::                (v2.7.0)

2022-06-08 14:26:45.859  INFO 31788 --- [    Test worker] com.zidol.fc.FcApplicationTests          : Starting FcApplicationTests using Java 17.0.2 on DESKTOP-N78O8DT with PID 31788 (started by User in C:\Users\User\Desktop\ZIDOL\backend)
2022-06-08 14:26:45.860  INFO 31788 --- [    Test worker] com.zidol.fc.FcApplicationTests          : No active profile set, falling back to 1 default profile: "default"
2022-06-08 14:26:46.773  INFO 31788 --- [    Test worker] .s.d.r.c.RepositoryConfigurationDelegate : Bootstrapping Spring Data JPA repositories in DEFAULT mode.
2022-06-08 14:26:46.943  INFO 31788 --- [    Test worker] .s.d.r.c.RepositoryConfigurationDelegate : Finished Spring Data repository scanning in 156 ms. Found 7 JPA repository interfaces.
2022-06-08 14:26:47.431  INFO 31788 --- [    Test worker] trationDelegate$BeanPostProcessorChecker : Bean 'org.springframework.ws.config.annotation.DelegatingWsConfiguration' of type [org.springframework.ws.config.annotation.DelegatingWsConfiguration$$EnhancerBySpringCGLIB$$e7c456e9] is not eligible for getting processed by all BeanPostProcessors (for example: not eligible for auto-proxying)
2022-06-08 14:26:47.499  INFO 31788 --- [    Test worker] .w.s.a.s.AnnotationActionEndpointMapping : Supporting [WS-Addressing August 2004, WS-Addressing 1.0]
2022-06-08 14:26:47.673  INFO 31788 --- [    Test worker] com.zaxxer.hikari.HikariDataSource       : HikariPool-1 - Starting...
2022-06-08 14:26:48.039  INFO 31788 --- [    Test worker] com.zaxxer.hikari.HikariDataSource       : HikariPool-1 - Start completed.
2022-06-08 14:26:48.174  INFO 31788 --- [    Test worker] o.hibernate.jpa.internal.util.LogHelper  : HHH000204: Processing PersistenceUnitInfo [name: default]
2022-06-08 14:26:48.267  INFO 31788 --- [    Test worker] org.hibernate.Version                    : HHH000412: Hibernate ORM core version 5.6.9.Final
2022-06-08 14:26:48.503  INFO 31788 --- [    Test worker] o.hibernate.annotations.common.Version   : HCANN000001: Hibernate Commons Annotations {5.1.2.Final}
2022-06-08 14:26:48.695  INFO 31788 --- [    Test worker] org.hibernate.dialect.Dialect            : HHH000400: Using dialect: org.hibernate.dialect.MySQL8Dialect
2022-06-08 14:26:49.595  INFO 31788 --- [    Test worker] o.h.e.t.j.p.i.JtaPlatformInitiator       : HHH000490: Using JtaPlatform implementation: [org.hibernate.engine.transaction.jta.platform.internal.NoJtaPlatform]
2022-06-08 14:26:49.605  INFO 31788 --- [    Test worker] j.LocalContainerEntityManagerFactoryBean : Initialized JPA EntityManagerFactory for persistence unit 'default'
2022-06-08 14:26:50.452  WARN 31788 --- [    Test worker] JpaBaseConfiguration$JpaWebConfiguration : spring.jpa.open-in-view is enabled by default. Therefore, database queries may be performed during view rendering. Explicitly configure spring.jpa.open-in-view to disable this warning
2022-06-08 14:26:50.789  INFO 31788 --- [    Test worker] o.s.b.a.h2.H2ConsoleAutoConfiguration    : H2 console available at '/console'. Database available at 'jdbc:mysql://localhost:3306/checkout'
2022-06-08 14:26:51.334  INFO 31788 --- [    Test worker] s.a.ScheduledAnnotationBeanPostProcessor : No TaskScheduler/ScheduledExecutorService bean found for scheduled processing
2022-06-08 14:26:51.353  INFO 31788 --- [    Test worker] com.zidol.fc.FcApplicationTests          : Started FcApplicationTests in 5.845 seconds (JVM running for 7.251)
]]></system-out>
  <system-err><![CDATA[]]></system-err>
</testsuite>
